<?xml version="1.0" encoding="UTF-8" standalone="yes"?><!DOCTYPE report PUBLIC "-//JACOCO//DTD Report 1.0//EN" "report.dtd"><report name="JaCoCoverage analysis (powered by JaCoCo from EclEmma)"><sessioninfo id="DESKTOP-9DH78BM-8dad967c" start="1526685185442" dump="1526685187536"/><package name=""><class name="Mutante1"><method name="&lt;init&gt;" desc="()V" line="1"><counter type="INSTRUCTION" missed="0" covered="3"/><counter type="LINE" missed="0" covered="1"/><counter type="COMPLEXITY" missed="0" covered="1"/><counter type="METHOD" missed="0" covered="1"/></method><method name="calcularAnosBissexto" desc="([I)I" line="3"><counter type="INSTRUCTION" missed="2" covered="31"/><counter type="BRANCH" missed="3" covered="5"/><counter type="LINE" missed="1" covered="6"/><counter type="COMPLEXITY" missed="3" covered="2"/><counter type="METHOD" missed="0" covered="1"/></method><counter type="INSTRUCTION" missed="2" covered="34"/><counter type="BRANCH" missed="3" covered="5"/><counter type="LINE" missed="1" covered="7"/><counter type="COMPLEXITY" missed="3" covered="3"/><counter type="METHOD" missed="0" covered="2"/><counter type="CLASS" missed="0" covered="1"/></class><class name="Mutante2"><method name="&lt;init&gt;" desc="()V" line="1"><counter type="INSTRUCTION" missed="0" covered="3"/><counter type="LINE" missed="0" covered="1"/><counter type="COMPLEXITY" missed="0" covered="1"/><counter type="METHOD" missed="0" covered="1"/></method><method name="calcularAnosBissexto" desc="([I)I" line="3"><counter type="INSTRUCTION" missed="8" covered="25"/><counter type="BRANCH" missed="4" covered="4"/><counter type="LINE" missed="1" covered="6"/><counter type="COMPLEXITY" missed="3" covered="2"/><counter type="METHOD" missed="0" covered="1"/></method><counter type="INSTRUCTION" missed="8" covered="28"/><counter type="BRANCH" missed="4" covered="4"/><counter type="LINE" missed="1" covered="7"/><counter type="COMPLEXITY" missed="3" covered="3"/><counter type="METHOD" missed="0" covered="2"/><counter type="CLASS" missed="0" covered="1"/></class><class name="Mutante3"><method name="&lt;init&gt;" desc="()V" line="1"><counter type="INSTRUCTION" missed="0" covered="3"/><counter type="LINE" missed="0" covered="1"/><counter type="COMPLEXITY" missed="0" covered="1"/><counter type="METHOD" missed="0" covered="1"/></method><method name="calcularAnosBissexto" desc="([I)I" line="3"><counter type="INSTRUCTION" missed="13" covered="20"/><counter type="BRANCH" missed="5" covered="3"/><counter type="LINE" missed="2" covered="5"/><counter type="COMPLEXITY" missed="3" covered="2"/><counter type="METHOD" missed="0" covered="1"/></method><counter type="INSTRUCTION" missed="13" covered="23"/><counter type="BRANCH" missed="5" covered="3"/><counter type="LINE" missed="2" covered="6"/><counter type="COMPLEXITY" missed="3" covered="3"/><counter type="METHOD" missed="0" covered="2"/><counter type="CLASS" missed="0" covered="1"/></class><class name="Original"><method name="&lt;init&gt;" desc="()V" line="1"><counter type="INSTRUCTION" missed="0" covered="3"/><counter type="LINE" missed="0" covered="1"/><counter type="COMPLEXITY" missed="0" covered="1"/><counter type="METHOD" missed="0" covered="1"/></method><method name="calcularAnosBissexto" desc="([I)I" line="3"><counter type="INSTRUCTION" missed="2" covered="31"/><counter type="BRANCH" missed="2" covered="6"/><counter type="LINE" missed="1" covered="6"/><counter type="COMPLEXITY" missed="2" covered="3"/><counter type="METHOD" missed="0" covered="1"/></method><counter type="INSTRUCTION" missed="2" covered="34"/><counter type="BRANCH" missed="2" covered="6"/><counter type="LINE" missed="1" covered="7"/><counter type="COMPLEXITY" missed="2" covered="4"/><counter type="METHOD" missed="0" covered="2"/><counter type="CLASS" missed="0" covered="1"/></class><sourcefile name="Mutante2.java"><line nr="1" mi="0" ci="3" mb="0" cb="0"/><line nr="3" mi="0" ci="2" mb="0" cb="0"/><line nr="5" mi="0" ci="8" mb="0" cb="2"/><line nr="6" mi="0" ci="6" mb="1" cb="1"/><line nr="7" mi="2" ci="0" mb="0" cb="0"/><line nr="9" mi="6" ci="6" mb="3" cb="1"/><line nr="10" mi="0" ci="1" mb="0" cb="0"/><line nr="12" mi="0" ci="2" mb="0" cb="0"/><counter type="INSTRUCTION" missed="8" covered="28"/><counter type="BRANCH" missed="4" covered="4"/><counter type="LINE" missed="1" covered="7"/><counter type="COMPLEXITY" missed="3" covered="3"/><counter type="METHOD" missed="0" covered="2"/><counter type="CLASS" missed="0" covered="1"/></sourcefile><sourcefile name="Original.java"><line nr="1" mi="0" ci="3" mb="0" cb="0"/><line nr="3" mi="0" ci="2" mb="0" cb="0"/><line nr="5" mi="0" ci="8" mb="0" cb="2"/><line nr="7" mi="0" ci="6" mb="1" cb="1"/><line nr="8" mi="2" ci="0" mb="0" cb="0"/><line nr="10" mi="0" ci="12" mb="1" cb="3"/><line nr="11" mi="0" ci="1" mb="0" cb="0"/><line nr="13" mi="0" ci="2" mb="0" cb="0"/><counter type="INSTRUCTION" missed="2" covered="34"/><counter type="BRANCH" missed="2" covered="6"/><counter type="LINE" missed="1" covered="7"/><counter type="COMPLEXITY" missed="2" covered="4"/><counter type="METHOD" missed="0" covered="2"/><counter type="CLASS" missed="0" covered="1"/></sourcefile><sourcefile name="Mutante3.java"><line nr="1" mi="0" ci="3" mb="0" cb="0"/><line nr="3" mi="0" ci="2" mb="0" cb="0"/><line nr="5" mi="0" ci="8" mb="0" cb="2"/><line nr="6" mi="0" ci="6" mb="1" cb="1"/><line nr="7" mi="0" ci="2" mb="0" cb="0"/><line nr="9" mi="12" ci="0" mb="4" cb="0"/><line nr="10" mi="1" ci="0" mb="0" cb="0"/><line nr="12" mi="0" ci="2" mb="0" cb="0"/><counter type="INSTRUCTION" missed="13" covered="23"/><counter type="BRANCH" missed="5" covered="3"/><counter type="LINE" missed="2" covered="6"/><counter type="COMPLEXITY" missed="3" covered="3"/><counter type="METHOD" missed="0" covered="2"/><counter type="CLASS" missed="0" covered="1"/></sourcefile><sourcefile name="Mutante1.java"><line nr="1" mi="0" ci="3" mb="0" cb="0"/><line nr="3" mi="0" ci="2" mb="0" cb="0"/><line nr="5" mi="0" ci="8" mb="0" cb="2"/><line nr="6" mi="0" ci="6" mb="1" cb="1"/><line nr="7" mi="2" ci="0" mb="0" cb="0"/><line nr="9" mi="0" ci="12" mb="2" cb="2"/><line nr="10" mi="0" ci="1" mb="0" cb="0"/><line nr="12" mi="0" ci="2" mb="0" cb="0"/><counter type="INSTRUCTION" missed="2" covered="34"/><counter type="BRANCH" missed="3" covered="5"/><counter type="LINE" missed="1" covered="7"/><counter type="COMPLEXITY" missed="3" covered="3"/><counter type="METHOD" missed="0" covered="2"/><counter type="CLASS" missed="0" covered="1"/></sourcefile><counter type="INSTRUCTION" missed="25" covered="119"/><counter type="BRANCH" missed="14" covered="18"/><counter type="LINE" missed="5" covered="27"/><counter type="COMPLEXITY" missed="11" covered="13"/><counter type="METHOD" missed="0" covered="8"/><counter type="CLASS" missed="0" covered="4"/></package><counter type="INSTRUCTION" missed="25" covered="119"/><counter type="BRANCH" missed="14" covered="18"/><counter type="LINE" missed="5" covered="27"/><counter type="COMPLEXITY" missed="11" covered="13"/><counter type="METHOD" missed="0" covered="8"/><counter type="CLASS" missed="0" covered="4"/></report>